<?xml version="1.0" encoding="UTF-8"?>
<!-- Generated by org.testng.reporters.JUnitReportReporter -->
<testsuite hostname="KingslyPrabhu" failures="0" tests="1" name="com.inetbanking.testCases.TC_LoginTest_001" time="12.402" errors="0" timestamp="2024-05-14T17:41:14 AST" skipped="0">
  <testcase classname="com.inetbanking.testCases.TC_LoginTest_001" name="loginTest" time="12.402"/>
</testsuite> <!-- com.inetbanking.testCases.TC_LoginTest_001 -->
