<?xml version="1.0" encoding="UTF-8"?>
<!-- Generated by org.testng.reporters.JUnitReportReporter -->
<testsuite hostname="KingslyPrabhu" failures="0" tests="1" name="com.inetbanking.testCases.TC_LoginTest_002" time="11.613" errors="0" timestamp="2024-05-14T17:41:14 AST" skipped="0">
  <testcase classname="com.inetbanking.testCases.TC_LoginTest_002" name="loginTest" time="11.613"/>
</testsuite> <!-- com.inetbanking.testCases.TC_LoginTest_002 -->
