<?xml version="1.0" encoding="UTF-8"?>
<!-- Generated by org.testng.reporters.JUnitReportReporter -->
<testsuite hostname="KingslyPrabhu" failures="0" tests="1" name="com.inetbanking.testCases.TC_LoginTest_002" time="8.775" errors="0" timestamp="2024-05-14T18:10:19 AST" skipped="0">
  <testcase classname="com.inetbanking.testCases.TC_LoginTest_002" name="loginTest" time="8.775"/>
</testsuite> <!-- com.inetbanking.testCases.TC_LoginTest_002 -->
