<?xml version="1.0" encoding="UTF-8"?>
<!-- Generated by org.testng.reporters.JUnitReportReporter -->
<testsuite hostname="KingslyPrabhu" failures="0" tests="1" name="com.inetbanking.testCases.TC_LoginTest_001" time="10.069" errors="0" timestamp="2024-05-13T15:23:04 AST" skipped="0">
  <testcase classname="com.inetbanking.testCases.TC_LoginTest_001" name="loginTest" time="10.069"/>
</testsuite> <!-- com.inetbanking.testCases.TC_LoginTest_001 -->
